<?xml version="1.0" encoding="UTF-8" ?>
<testsuites>
  <testsuite errors="0" failures="0" hostname="DESKTOP-2B3OB08" id="0" name="CustomeProjectRunner" package="testcases" skipped="1" tests="7" time="12.084" timestamp="2019-09-05T04:41:08">
      <properties>
[...]
</properties>

      <testcase classname="testcases.LoginTest" name="loginTest[0]" time="0.001" />

      <testcase classname="testcases.LoginTest" name="loginTest[1]" time="0.001" />

      <testcase classname="testcases.LoginTest" name="loginTest[2]" time="0.006" />

      <testcase classname="testcases.ShopMobilePhone" name="test_a_searchForMobile" time="0.0" />

      <testcase classname="testcases.ShopMobilePhone" name="test_b_selectMobile" time="0.0" />

      <testcase classname="testcases.ShopMobilePhone" name="test_c_checkOut" time="0.08">
          <skipped message="got: &lt;false&gt;, expected: is &lt;true&gt;" />

      </testcase>

      <testcase classname="testcases.Validattions" name="isElementPresentTest" time="11.502" />

      <system-out><![CDATA[Display Data username: Jnakasi password: password1 browser: mozilla
Display Data username: Bkanasi password: password1 browser: chrome
Display Data username: Akanasi password: password1 browser: edge
Searching for Mobile
Selecting Mobile
Enter isElementPresent Script
user dir C:\Users\Emman\Desktop\eclipse\REDIFF_PROJECTS_14.01.18\JunitProject2
this element is not present
error message display The element is missing 
]]></system-out>

      <system-err><![CDATA[Starting ChromeDriver 2.35.528161 (5b82f2d2aae0ca24b877009200ced9065a772e73) on port 20341
Only local connections are allowed.
Sep 05, 2019 5:41:13 AM org.openqa.selenium.remote.ProtocolHandshake createSession
INFO: Detected dialect: OSS
]]></system-err>

  </testsuite>
</testsuites>
